<?xml version="1.0" encoding="UTF-8"?>
<!-- Generated by org.testng.reporters.JUnitReportReporter -->
<testsuite skipped="0" hostname="DESKTOP-PS731PT" name="Functionality.Login_InvalidClass" tests="1" failures="0" timestamp="2022-04-10T14:16:12 IST" time="21.825" errors="0">
  <testcase name="Reg_Valid" time="21.825" classname="Functionality.Login_InvalidClass"/>
  <system-out/>
</testsuite> <!-- Functionality.Login_InvalidClass -->
