<?xml version="1.0" encoding="UTF-8"?>
<!-- Generated by org.testng.reporters.JUnitReportReporter -->
<testsuite skipped="0" hostname="DESKTOP-PS731PT" name="Functionality.SearchProduct_Valid" tests="1" failures="0" timestamp="2022-04-10T14:16:41 IST" time="20.346" errors="0">
  <testcase name="Product_Valid" time="20.346" classname="Functionality.SearchProduct_Valid"/>
  <system-out/>
</testsuite> <!-- Functionality.SearchProduct_Valid -->
