<?xml version="1.0" encoding="UTF-8"?>
<!-- Generated by org.testng.reporters.JUnitReportReporter -->
<testsuite skipped="0" hostname="DESKTOP-PS731PT" name="Functionality.CustomerInfo_Update" tests="1" failures="0" timestamp="2022-04-10T14:19:07 IST" time="25.791" errors="0">
  <testcase name="Customer_Info" time="25.791" classname="Functionality.CustomerInfo_Update"/>
  <system-out/>
</testsuite> <!-- Functionality.CustomerInfo_Update -->
