<?xml version="1.0" encoding="UTF-8"?>
<!-- Generated by org.testng.reporters.JUnitReportReporter -->
<testsuite skipped="0" hostname="DESKTOP-PS731PT" name="Functionality.Reg_ValidClass" tests="1" failures="0" timestamp="2022-04-10T14:14:04 IST" time="21.195" errors="0">
  <testcase name="Reg_Valid" time="21.195" classname="Functionality.Reg_ValidClass"/>
  <system-out/>
</testsuite> <!-- Functionality.Reg_ValidClass -->
