<?xml version="1.0" encoding="UTF-8"?>
<!-- Generated by org.testng.reporters.JUnitReportReporter -->
<testsuite skipped="0" hostname="DESKTOP-PS731PT" name="Functionality.Reg_InvalidClass" tests="1" failures="0" timestamp="2022-04-10T14:15:08 IST" time="23.879" errors="0">
  <testcase name="Reg_InValid" time="23.879" classname="Functionality.Reg_InvalidClass"/>
  <system-out/>
</testsuite> <!-- Functionality.Reg_InvalidClass -->
