<?xml version="1.0" encoding="UTF-8"?>
<!-- Generated by org.testng.reporters.JUnitReportReporter -->
<testsuite skipped="0" hostname="DESKTOP-PS731PT" name="Functionality.Cart" tests="1" failures="0" timestamp="2022-04-10T14:18:30 IST" time="46.093" errors="0">
  <testcase name="Cart_Valid" time="46.093" classname="Functionality.Cart"/>
  <system-out/>
</testsuite> <!-- Functionality.Cart -->
