<?xml version="1.0" encoding="UTF-8"?>
<!-- Generated by org.testng.reporters.JUnitReportReporter -->
<testsuite skipped="0" hostname="DESKTOP-PS731PT" name="Functionality.Login_ValidClass" tests="1" failures="0" timestamp="2022-04-10T14:15:39 IST" time="17.519" errors="0">
  <testcase name="Login_Valid" time="17.519" classname="Functionality.Login_ValidClass"/>
  <system-out/>
</testsuite> <!-- Functionality.Login_ValidClass -->
