<?xml version="1.0" encoding="UTF-8"?>
<!-- Generated by org.testng.reporters.JUnitReportReporter -->
<testsuite skipped="0" hostname="DESKTOP-PS731PT" name="Functionality.SearchProduct_Invalid" tests="1" failures="0" timestamp="2022-04-10T14:17:28 IST" time="27.866" errors="0">
  <testcase name="Product_InValid" time="27.866" classname="Functionality.SearchProduct_Invalid"/>
  <system-out/>
</testsuite> <!-- Functionality.SearchProduct_Invalid -->
